0 silly argv { _: [ 'publish' ],
0 silly argv   composed: 'publish',
0 silly argv   lernaVersion: '3.9.0',
0 silly argv   '$0': 'lerna' }
1 notice cli v3.9.0
2 verbose rootPath /Users/fujuewen/private/test-lerna
3 info versioning independent
4 verbose session 27eb6b0cce28cecd
5 verbose user-agent lerna/3.9.0/node@v8.11.0+x64 (darwin)
6 silly argv { _: [ 'publish' ], composed: 'publish', lernaVersion: '3.9.0' }
7 verbose rootPath /Users/fujuewen/private/test-lerna
8 silly isAnythingCommitted
9 verbose isAnythingCommitted 1
10 silly currentBranch
11 verbose currentBranch master
12 silly remoteBranchExists
13 silly isBehindUpstream
14 silly isBehindUpstream master is behind origin/master by 0 commit(s) and ahead by 0
15 silly hasTags
16 verbose hasTags false
17 info Looking for changed packages since initial commit.
18 verbose updated package-test-1
19 verbose git-describe undefined => "9bd6856"
20 silly git-describe parsed => {"refCount":"1","sha":"9bd6856","isDirty":false}
21 silly batched [ PackageGraphNode {
21 silly batched     name: 'package-test-1',
21 silly batched     externalDependencies: Map {},
21 silly batched     localDependencies: Map {},
21 silly batched     localDependents: Map {} } ]
22 silly lifecycle No script for "preversion" in "root", continuing
23 silly lifecycle No script for "preversion" in "package-test-1", continuing
24 silly lifecycle No script for "version" in "package-test-1", continuing
25 silly lifecycle No script for "version" in "root", continuing
26 silly gitAdd [ '/Users/fujuewen/private/test-lerna/packages/package-test-1/package.json' ]
27 silly gitCommit Publish
27 silly gitCommit
27 silly gitCommit  - package-test-1@1.0.3
28 verbose git [ 'commit',
28 verbose git   '-F',
28 verbose git   '/private/var/folders/78/37djxt790qj_gvj5p4s3b5gr0000gn/T/6025f8aa-3281-4f83-aedb-922d68a9d54f/lerna-commit.txt' ]
29 silly gitTag package-test-1@1.0.3
30 verbose git [ 'tag', 'package-test-1@1.0.3', '-m', 'package-test-1@1.0.3' ]
31 silly lifecycle No script for "postversion" in "package-test-1", continuing
32 silly lifecycle No script for "postversion" in "root", continuing
33 info git Pushing tags...
34 silly gitPush origin master
35 silly batched [ PackageGraphNode {
35 silly batched     name: 'package-test-1',
35 silly batched     externalDependencies: Map {},
35 silly batched     localDependencies: Map {},
35 silly batched     localDependents: Map {} } ]
36 info publish Publishing packages to npm...
37 notice Skipping all user and access validation due to third-party registry
38 notice Make sure you're authenticated properly ¯\_(ツ)_/¯
39 warn ENOLICENSE Packages package-test-1 are missing a license
40 silly getCurrentSHA
41 verbose getCurrentSHA 09aeafeedfb9f89ec05824fe2dbda66caeb7cda5
42 silly lifecycle No script for "prepublish" in "root", continuing
43 silly lifecycle No script for "prepare" in "root", continuing
44 silly lifecycle No script for "prepublishOnly" in "root", continuing
45 silly lifecycle No script for "prepack" in "root", continuing
46 verbose pack-directory packages/package-test-1
47 silly lifecycle No script for "prepublish" in "package-test-1", continuing
48 silly lifecycle No script for "prepare" in "package-test-1", continuing
49 silly lifecycle No script for "prepublishOnly" in "package-test-1", continuing
50 silly lifecycle No script for "prepack" in "package-test-1", continuing
51 silly lifecycle No script for "postpack" in "package-test-1", continuing
52 verbose packed package-test-1 packages/package-test-1
53 silly lifecycle No script for "postpack" in "root", continuing
54 verbose publish package-test-1
55 http fetch PUT 403 http://registry.npmjs.org/package-test-1 1000ms
56 error Error: 403 Forbidden - PUT http://registry.npmjs.org/package-test-1 - Package name too similar to existing packages; try renaming your package to '@fev/package-test-1' and publishing with 'npm publish --access=public' instead
56 error     at res.buffer.catch.then.body (/usr/local/lib/node_modules/lerna/node_modules/npm-registry-fetch/check-response.js:104:15)
56 error     at <anonymous>
